[0.488s] Invoking command in '/home/kyoyamashita/ros2_ws/src/mypkg': PYTHONPATH=/home/kyoyamashita/ros2_ws/src/mypkg/install/mypkg/lib/python3.10/site-packages:${PYTHONPATH} /usr/bin/python3 setup.py egg_info --egg-base build/mypkg build --build-base /home/kyoyamashita/ros2_ws/src/mypkg/build/mypkg/build install --prefix /home/kyoyamashita/ros2_ws/src/mypkg/install/mypkg --record /home/kyoyamashita/ros2_ws/src/mypkg/build/mypkg/install.log --single-version-externally-managed
[0.669s] running egg_info
[0.670s] creating build/mypkg/mypkg.egg-info
[0.670s] writing build/mypkg/mypkg.egg-info/PKG-INFO
[0.670s] writing dependency_links to build/mypkg/mypkg.egg-info/dependency_links.txt
[0.671s] writing entry points to build/mypkg/mypkg.egg-info/entry_points.txt
[0.671s] writing requirements to build/mypkg/mypkg.egg-info/requires.txt
[0.671s] writing top-level names to build/mypkg/mypkg.egg-info/top_level.txt
[0.671s] writing manifest file 'build/mypkg/mypkg.egg-info/SOURCES.txt'
[0.672s] reading manifest file 'build/mypkg/mypkg.egg-info/SOURCES.txt'
[0.673s] writing manifest file 'build/mypkg/mypkg.egg-info/SOURCES.txt'
[0.673s] running build
[0.673s] running build_py
[0.673s] creating /home/kyoyamashita/ros2_ws/src/mypkg/build/mypkg/build
[0.674s] creating /home/kyoyamashita/ros2_ws/src/mypkg/build/mypkg/build/lib
[0.674s] creating /home/kyoyamashita/ros2_ws/src/mypkg/build/mypkg/build/lib/mypkg
[0.675s] copying mypkg/talker.py -> /home/kyoyamashita/ros2_ws/src/mypkg/build/mypkg/build/lib/mypkg
[0.675s] copying mypkg/listener.py -> /home/kyoyamashita/ros2_ws/src/mypkg/build/mypkg/build/lib/mypkg
[0.675s] copying mypkg/__init__.py -> /home/kyoyamashita/ros2_ws/src/mypkg/build/mypkg/build/lib/mypkg
[0.675s] running install
[0.675s] running install_lib
[0.675s] /usr/lib/python3/dist-packages/setuptools/command/install.py:34: SetuptoolsDeprecationWarning: setup.py install is deprecated. Use build and pip and other standards-based tools.
[0.675s]   warnings.warn(
[0.675s] creating /home/kyoyamashita/ros2_ws/src/mypkg/install/mypkg/lib/python3.10/site-packages/mypkg
[0.675s] copying /home/kyoyamashita/ros2_ws/src/mypkg/build/mypkg/build/lib/mypkg/talker.py -> /home/kyoyamashita/ros2_ws/src/mypkg/install/mypkg/lib/python3.10/site-packages/mypkg
[0.676s] copying /home/kyoyamashita/ros2_ws/src/mypkg/build/mypkg/build/lib/mypkg/listener.py -> /home/kyoyamashita/ros2_ws/src/mypkg/install/mypkg/lib/python3.10/site-packages/mypkg
[0.676s] copying /home/kyoyamashita/ros2_ws/src/mypkg/build/mypkg/build/lib/mypkg/__init__.py -> /home/kyoyamashita/ros2_ws/src/mypkg/install/mypkg/lib/python3.10/site-packages/mypkg
[0.676s] byte-compiling /home/kyoyamashita/ros2_ws/src/mypkg/install/mypkg/lib/python3.10/site-packages/mypkg/talker.py to talker.cpython-310.pyc
[0.676s] byte-compiling /home/kyoyamashita/ros2_ws/src/mypkg/install/mypkg/lib/python3.10/site-packages/mypkg/listener.py to listener.cpython-310.pyc
[0.677s] Sorry: IndentationError: unexpected indent (listener.py, line 11)
[0.677s] byte-compiling /home/kyoyamashita/ros2_ws/src/mypkg/install/mypkg/lib/python3.10/site-packages/mypkg/__init__.py to __init__.cpython-310.pyc
[0.677s] running install_data
[0.678s] creating /home/kyoyamashita/ros2_ws/src/mypkg/install/mypkg/share/ament_index
[0.678s] creating /home/kyoyamashita/ros2_ws/src/mypkg/install/mypkg/share/ament_index/resource_index
[0.678s] creating /home/kyoyamashita/ros2_ws/src/mypkg/install/mypkg/share/ament_index/resource_index/packages
[0.678s] copying resource/mypkg -> /home/kyoyamashita/ros2_ws/src/mypkg/install/mypkg/share/ament_index/resource_index/packages
[0.678s] copying package.xml -> /home/kyoyamashita/ros2_ws/src/mypkg/install/mypkg/share/mypkg
[0.678s] running install_egg_info
[0.680s] Copying build/mypkg/mypkg.egg-info to /home/kyoyamashita/ros2_ws/src/mypkg/install/mypkg/lib/python3.10/site-packages/mypkg-0.0.0-py3.10.egg-info
[0.681s] running install_scripts
[0.699s] Installing listener script to /home/kyoyamashita/ros2_ws/src/mypkg/install/mypkg/lib/mypkg
[0.700s] Installing talker script to /home/kyoyamashita/ros2_ws/src/mypkg/install/mypkg/lib/mypkg
[0.700s] writing list of installed files to '/home/kyoyamashita/ros2_ws/src/mypkg/build/mypkg/install.log'
[0.724s] Invoked command in '/home/kyoyamashita/ros2_ws/src/mypkg' returned '0': PYTHONPATH=/home/kyoyamashita/ros2_ws/src/mypkg/install/mypkg/lib/python3.10/site-packages:${PYTHONPATH} /usr/bin/python3 setup.py egg_info --egg-base build/mypkg build --build-base /home/kyoyamashita/ros2_ws/src/mypkg/build/mypkg/build install --prefix /home/kyoyamashita/ros2_ws/src/mypkg/install/mypkg --record /home/kyoyamashita/ros2_ws/src/mypkg/build/mypkg/install.log --single-version-externally-managed
